.
├── Data
│   ├── disc
│   │   ├── v1
│   │   │   ├── 000.jpg
│   │   │   ├── 001.jpg
│   │   │   ├── 002.jpg
│   │   │   ├── 003.jpg
│   │   │   ├── 004.jpg
│   │   │   ├── 006.jpg
│   │   │   ├── 008.jpg
│   │   │   ├── 012.jpg
│   │   │   ├── 013.jpg
│   │   │   ├── 015.jpg
│   │   │   ├── 017.jpg
│   │   │   ├── 018.jpg
│   │   │   ├── 019.jpg
│   │   │   ├── 020.jpg
│   │   │   ├── 021.jpg
│   │   │   ├── 022.jpg
│   │   │   ├── 023.jpg
│   │   │   ├── 024.jpg
│   │   │   ├── 026.jpg
│   │   │   ├── 029.jpg
│   │   │   ├── 030.jpg
│   │   │   ├── 032.jpg
│   │   │   ├── 035.jpg
│   │   │   ├── 037.jpg
│   │   │   ├── 039.jpg
│   │   │   ├── 041.jpg
│   │   │   ├── 042.jpg
│   │   │   ├── 044.jpg
│   │   │   ├── 046.jpg
│   │   │   ├── 047.jpg
│   │   │   ├── 048.jpg
│   │   │   ├── 052.jpg
│   │   │   ├── 053.jpg
│   │   │   ├── 055.jpg
│   │   │   ├── 057.jpg
│   │   │   ├── 059.jpg
│   │   │   ├── 062.jpg
│   │   │   ├── 064.jpg
│   │   │   ├── 065.jpg
│   │   │   ├── 066.jpg
│   │   │   ├── 067.jpg
│   │   │   ├── 068.jpg
│   │   │   ├── 069.jpg
│   │   │   ├── 070.jpg
│   │   │   ├── 071.jpg
│   │   │   ├── 072.jpg
│   │   │   ├── 073.jpg
│   │   │   ├── 074.jpg
│   │   │   ├── 075.jpg
│   │   │   ├── 076.jpg
│   │   │   ├── 077.jpg
│   │   │   ├── 079.jpg
│   │   │   ├── 080.jpg
│   │   │   ├── 081.jpg
│   │   │   ├── 082.jpg
│   │   │   ├── 083.jpg
│   │   │   ├── 084.jpg
│   │   │   ├── 085.jpg
│   │   │   ├── 086.jpg
│   │   │   ├── 087.jpg
│   │   │   ├── 090.jpg
│   │   │   ├── 092.jpg
│   │   │   ├── 094.jpg
│   │   │   ├── 095.jpg
│   │   │   ├── 099.jpg
│   │   │   ├── 100.jpg
│   │   │   ├── 101.jpg
│   │   │   ├── 103.jpg
│   │   │   ├── 104.jpg
│   │   │   ├── 105.jpg
│   │   │   ├── 106.jpg
│   │   │   ├── 107.jpg
│   │   │   ├── 108.jpg
│   │   │   ├── 109.jpg
│   │   │   ├── 110.jpg
│   │   │   ├── 111.jpg
│   │   │   ├── 112.jpg
│   │   │   ├── 113.jpg
│   │   │   ├── 114.jpg
│   │   │   ├── 116.jpg
│   │   │   ├── 119.jpg
│   │   │   ├── 121.jpg
│   │   │   ├── 122.jpg
│   │   │   ├── 123.jpg
│   │   │   ├── 124.jpg
│   │   │   ├── 126.jpg
│   │   │   ├── 128.jpg
│   │   │   ├── 132.jpg
│   │   │   ├── 133.jpg
│   │   │   ├── 134.jpg
│   │   │   ├── 136.jpg
│   │   │   ├── 138.jpg
│   │   │   ├── 140.jpg
│   │   │   ├── 141.jpg
│   │   │   ├── 143.jpg
│   │   │   ├── 145.jpg
│   │   │   ├── 146.jpg
│   │   │   ├── 147.jpg
│   │   │   ├── 149.jpg
│   │   │   ├── 151.jpg
│   │   │   ├── 154.jpg
│   │   │   ├── 155.jpg
│   │   │   ├── 156.jpg
│   │   │   ├── 158.jpg
│   │   │   ├── 160.jpg
│   │   │   ├── 162.jpg
│   │   │   ├── 164.jpg
│   │   │   ├── 165.jpg
│   │   │   ├── 167.jpg
│   │   │   ├── 169.jpg
│   │   │   ├── 172.jpg
│   │   │   ├── 173.jpg
│   │   │   ├── 174.jpg
│   │   │   ├── 175.jpg
│   │   │   ├── 176.jpg
│   │   │   ├── 177.jpg
│   │   │   ├── 178.jpg
│   │   │   ├── 179.jpg
│   │   │   ├── 180.jpg
│   │   │   ├── 181.jpg
│   │   │   ├── 182.jpg
│   │   │   ├── 183.jpg
│   │   │   ├── 184.jpg
│   │   │   ├── 185.jpg
│   │   │   ├── 186.jpg
│   │   │   ├── 187.jpg
│   │   │   ├── 188.jpg
│   │   │   ├── 190.jpg
│   │   │   ├── 192.jpg
│   │   │   ├── 194.jpg
│   │   │   ├── 196.jpg
│   │   │   ├── 197.jpg
│   │   │   ├── 199.jpg
│   │   │   ├── 200.jpg
│   │   │   ├── 202.jpg
│   │   │   ├── 203.jpg
│   │   │   ├── 204.jpg
│   │   │   ├── 205.jpg
│   │   │   ├── 206.jpg
│   │   │   ├── 207.jpg
│   │   │   ├── 209.jpg
│   │   │   ├── 210.jpg
│   │   │   ├── 211.jpg
│   │   │   ├── 212.jpg
│   │   │   ├── 213.jpg
│   │   │   ├── 215.jpg
│   │   │   ├── 217.jpg
│   │   │   ├── 218.jpg
│   │   │   ├── 219.jpg
│   │   │   ├── 221.jpg
│   │   │   ├── 222.jpg
│   │   │   ├── 224.jpg
│   │   │   ├── 226.jpg
│   │   │   ├── 229.jpg
│   │   │   ├── 231.jpg
│   │   │   ├── 234.jpg
│   │   │   ├── 235.jpg
│   │   │   ├── 236.jpg
│   │   │   ├── 239.jpg
│   │   │   ├── 240.jpg
│   │   │   ├── 241.jpg
│   │   │   ├── 243.jpg
│   │   │   ├── 244.jpg
│   │   │   ├── 245.jpg
│   │   │   ├── 246.jpg
│   │   │   ├── 247.jpg
│   │   │   ├── 249.jpg
│   │   │   ├── 250.jpg
│   │   │   ├── 251.jpg
│   │   │   ├── 252.jpg
│   │   │   ├── 253.jpg
│   │   │   ├── 254.jpg
│   │   │   ├── 255.jpg
│   │   │   ├── 256.jpg
│   │   │   ├── 257.jpg
│   │   │   ├── 258.jpg
│   │   │   ├── 259.jpg
│   │   │   ├── 261.jpg
│   │   │   ├── 263.jpg
│   │   │   ├── 265.jpg
│   │   │   ├── 268.jpg
│   │   │   ├── 269.jpg
│   │   │   ├── 270.jpg
│   │   │   ├── 271.jpg
│   │   │   ├── 273.jpg
│   │   │   ├── 274.jpg
│   │   │   ├── 276.jpg
│   │   │   ├── 277.jpg
│   │   │   ├── 279.jpg
│   │   │   ├── 281.jpg
│   │   │   ├── 283.jpg
│   │   │   ├── 285.jpg
│   │   │   ├── 286.jpg
│   │   │   ├── 287.jpg
│   │   │   ├── 288.jpg
│   │   │   ├── 289.jpg
│   │   │   ├── 290.jpg
│   │   │   ├── 291.jpg
│   │   │   ├── 292.jpg
│   │   │   ├── 293.jpg
│   │   │   ├── 294.jpg
│   │   │   ├── 295.jpg
│   │   │   ├── 296.jpg
│   │   │   ├── 297.jpg
│   │   │   ├── 298.jpg
│   │   │   ├── 299.jpg
│   │   │   ├── 300.jpg
│   │   │   ├── 301.jpg
│   │   │   ├── 302.jpg
│   │   │   ├── 304.jpg
│   │   │   ├── 305.jpg
│   │   │   ├── 306.jpg
│   │   │   ├── 307.jpg
│   │   │   ├── 308.jpg
│   │   │   ├── 309.jpg
│   │   │   ├── 312.jpg
│   │   │   ├── 313.jpg
│   │   │   ├── 314.jpg
│   │   │   ├── 315.jpg
│   │   │   ├── 316.jpg
│   │   │   ├── 318.jpg
│   │   │   ├── 319.jpg
│   │   │   ├── 321.jpg
│   │   │   ├── 324.jpg
│   │   │   ├── 325.jpg
│   │   │   ├── 326.jpg
│   │   │   ├── 327.jpg
│   │   │   ├── 328.jpg
│   │   │   ├── 329.jpg
│   │   │   ├── 330.jpg
│   │   │   ├── 331.jpg
│   │   │   ├── 332.jpg
│   │   │   ├── 333.jpg
│   │   │   ├── 334.jpg
│   │   │   ├── 336.jpg
│   │   │   ├── 338.jpg
│   │   │   ├── 339.jpg
│   │   │   ├── 340.jpg
│   │   │   ├── 341.jpg
│   │   │   ├── 343.jpg
│   │   │   ├── 345.jpg
│   │   │   ├── 347.jpg
│   │   │   ├── 348.jpg
│   │   │   ├── 350.jpg
│   │   │   ├── 352.jpg
│   │   │   ├── 354.jpg
│   │   │   ├── 355.jpg
│   │   │   ├── 356.jpg
│   │   │   ├── 357.jpg
│   │   │   ├── 358.jpg
│   │   │   ├── 359.jpg
│   │   │   ├── 360.jpg
│   │   │   ├── 361.jpg
│   │   │   ├── 362.jpg
│   │   │   ├── 366.jpg
│   │   │   ├── 368.jpg
│   │   │   ├── 369.jpg
│   │   │   ├── 372.jpg
│   │   │   ├── 374.jpg
│   │   │   ├── 376.jpg
│   │   │   ├── 378.jpg
│   │   │   ├── 380.jpg
│   │   │   ├── 381.jpg
│   │   │   ├── 383.jpg
│   │   │   ├── 384.jpg
│   │   │   ├── 386.jpg
│   │   │   ├── 388.jpg
│   │   │   ├── 391.jpg
│   │   │   ├── 393.jpg
│   │   │   ├── 394.jpg
│   │   │   ├── 395.jpg
│   │   │   ├── 397.jpg
│   │   │   ├── 399.jpg
│   │   │   ├── 400.jpg
│   │   │   ├── 401.jpg
│   │   │   ├── 402.jpg
│   │   │   ├── 403.jpg
│   │   │   ├── 404.jpg
│   │   │   ├── 405.jpg
│   │   │   ├── 406.jpg
│   │   │   ├── 407.jpg
│   │   │   ├── 408.jpg
│   │   │   ├── 410.jpg
│   │   │   ├── 412.jpg
│   │   │   ├── 416.jpg
│   │   │   ├── 417.jpg
│   │   │   ├── 418.jpg
│   │   │   ├── 419.jpg
│   │   │   ├── 420.jpg
│   │   │   ├── 421.jpg
│   │   │   ├── 422.jpg
│   │   │   ├── 423.jpg
│   │   │   ├── 424.jpg
│   │   │   ├── 425.jpg
│   │   │   ├── 426.jpg
│   │   │   ├── 427.jpg
│   │   │   ├── 428.jpg
│   │   │   ├── 429.jpg
│   │   │   ├── 431.jpg
│   │   │   ├── 432.jpg
│   │   │   ├── 433.jpg
│   │   │   ├── 434.jpg
│   │   │   ├── 435.jpg
│   │   │   ├── 436.jpg
│   │   │   ├── 438.jpg
│   │   │   ├── 439.jpg
│   │   │   ├── 440.jpg
│   │   │   ├── 442.jpg
│   │   │   ├── 444.jpg
│   │   │   ├── 445.jpg
│   │   │   ├── 447.jpg
│   │   │   ├── 448.jpg
│   │   │   ├── 449.jpg
│   │   │   ├── 450.jpg
│   │   │   ├── 452.jpg
│   │   │   ├── 454.jpg
│   │   │   ├── 455.jpg
│   │   │   ├── 456.jpg
│   │   │   ├── 457.jpg
│   │   │   ├── 458.jpg
│   │   │   ├── 459.jpg
│   │   │   ├── 460.jpg
│   │   │   ├── 461.jpg
│   │   │   ├── 462.jpg
│   │   │   ├── 463.jpg
│   │   │   ├── 464.jpg
│   │   │   ├── 465.jpg
│   │   │   ├── 466.jpg
│   │   │   ├── 467.jpg
│   │   │   ├── 468.jpg
│   │   │   ├── 469.jpg
│   │   │   ├── 471.jpg
│   │   │   ├── 472.jpg
│   │   │   ├── 473.jpg
│   │   │   ├── 474.jpg
│   │   │   ├── 475.jpg
│   │   │   ├── 476.jpg
│   │   │   ├── 477.jpg
│   │   │   ├── 479.jpg
│   │   │   ├── 480.jpg
│   │   │   ├── 481.jpg
│   │   │   ├── 482.jpg
│   │   │   ├── 483.jpg
│   │   │   ├── 484.jpg
│   │   │   ├── 485.jpg
│   │   │   ├── 486.jpg
│   │   │   ├── 487.jpg
│   │   │   ├── 488.jpg
│   │   │   ├── 489.jpg
│   │   │   ├── 490.jpg
│   │   │   ├── 491.jpg
│   │   │   ├── 492.jpg
│   │   │   ├── 494.jpg
│   │   │   ├── 498.jpg
│   │   │   ├── 499.jpg
│   │   │   ├── 500.jpg
│   │   │   ├── 501.jpg
│   │   │   ├── 502.jpg
│   │   │   ├── 503.jpg
│   │   │   ├── 504.jpg
│   │   │   ├── 505.jpg
│   │   │   ├── 506.jpg
│   │   │   ├── 507.jpg
│   │   │   ├── 510.jpg
│   │   │   ├── 511.jpg
│   │   │   ├── 512.jpg
│   │   │   ├── 514.jpg
│   │   │   ├── 516.jpg
│   │   │   ├── 517.jpg
│   │   │   ├── 519.jpg
│   │   │   ├── 520.jpg
│   │   │   ├── 521.jpg
│   │   │   ├── 522.jpg
│   │   │   ├── 523.jpg
│   │   │   ├── 524.jpg
│   │   │   ├── 525.jpg
│   │   │   ├── 526.jpg
│   │   │   ├── 527.jpg
│   │   │   ├── 528.jpg
│   │   │   ├── 530.jpg
│   │   │   ├── 532.jpg
│   │   │   ├── 534.jpg
│   │   │   ├── 536.jpg
│   │   │   ├── 537.jpg
│   │   │   ├── 538.jpg
│   │   │   ├── 539.jpg
│   │   │   ├── 540.jpg
│   │   │   ├── 542.jpg
│   │   │   ├── 544.jpg
│   │   │   ├── 546.jpg
│   │   │   ├── 547.jpg
│   │   │   ├── 548.jpg
│   │   │   ├── 549.jpg
│   │   │   ├── 550.jpg
│   │   │   ├── 551.jpg
│   │   │   ├── 556.jpg
│   │   │   ├── 557.jpg
│   │   │   ├── 558.jpg
│   │   │   ├── 559.jpg
│   │   │   ├── 560.jpg
│   │   │   ├── 561.jpg
│   │   │   ├── 565.jpg
│   │   │   ├── 566.jpg
│   │   │   ├── 567.jpg
│   │   │   └── 568.jpg
│   │   ├── v2
│   │   │   ├── 001.jpg
│   │   │   ├── 003.jpg
│   │   │   ├── 005.jpg
│   │   │   ├── 007.jpg
│   │   │   ├── 016.jpg
│   │   │   ├── 018.jpg
│   │   │   ├── 019.jpg
│   │   │   ├── 021.jpg
│   │   │   ├── 023.jpg
│   │   │   ├── 029.jpg
│   │   │   ├── 047.jpg
│   │   │   ├── 048.jpg
│   │   │   ├── 050.jpg
│   │   │   ├── 052.jpg
│   │   │   ├── 056.jpg
│   │   │   ├── 057.jpg
│   │   │   ├── 058.jpg
│   │   │   ├── 060.jpg
│   │   │   ├── 064.jpg
│   │   │   ├── 071.jpg
│   │   │   ├── 072.jpg
│   │   │   ├── 074.jpg
│   │   │   ├── 075.jpg
│   │   │   ├── 078.jpg
│   │   │   ├── 079.jpg
│   │   │   ├── 081.jpg
│   │   │   ├── 084.jpg
│   │   │   ├── 094.jpg
│   │   │   ├── 099.jpg
│   │   │   ├── 105.jpg
│   │   │   ├── 107.jpg
│   │   │   ├── 110.jpg
│   │   │   ├── 112.jpg
│   │   │   ├── 114.jpg
│   │   │   ├── 116.jpg
│   │   │   ├── 117.jpg
│   │   │   ├── 122.jpg
│   │   │   ├── 123.jpg
│   │   │   ├── 133.jpg
│   │   │   ├── 135.jpg
│   │   │   ├── 141.jpg
│   │   │   ├── 143.jpg
│   │   │   ├── 146.jpg
│   │   │   ├── 150.jpg
│   │   │   ├── 152.jpg
│   │   │   ├── 153.jpg
│   │   │   ├── 158.jpg
│   │   │   ├── 160.jpg
│   │   │   ├── 162.jpg
│   │   │   ├── 163.jpg
│   │   │   ├── 164.jpg
│   │   │   ├── 166.jpg
│   │   │   ├── 170.jpg
│   │   │   ├── 178.jpg
│   │   │   ├── 180.jpg
│   │   │   ├── 187.jpg
│   │   │   ├── 189.jpg
│   │   │   ├── 191.jpg
│   │   │   ├── 193.jpg
│   │   │   ├── 197.jpg
│   │   │   ├── 199.jpg
│   │   │   ├── 201.jpg
│   │   │   ├── 204.jpg
│   │   │   ├── 206.jpg
│   │   │   ├── 210.jpg
│   │   │   ├── 213.jpg
│   │   │   ├── 216.jpg
│   │   │   ├── 218.jpg
│   │   │   ├── 221.jpg
│   │   │   ├── 225.jpg
│   │   │   ├── 227.jpg
│   │   │   ├── 229.jpg
│   │   │   ├── 233.jpg
│   │   │   ├── 235.jpg
│   │   │   ├── 238.jpg
│   │   │   ├── 240.jpg
│   │   │   ├── 242.jpg
│   │   │   ├── 247.jpg
│   │   │   ├── 249.jpg
│   │   │   ├── 251.jpg
│   │   │   ├── 256.jpg
│   │   │   ├── 263.jpg
│   │   │   ├── 265.jpg
│   │   │   ├── 268.jpg
│   │   │   ├── 270.jpg
│   │   │   ├── 276.jpg
│   │   │   ├── 277.jpg
│   │   │   ├── 281.jpg
│   │   │   ├── 283.jpg
│   │   │   ├── 287.jpg
│   │   │   ├── 289.jpg
│   │   │   ├── 293.jpg
│   │   │   ├── 296.jpg
│   │   │   ├── 306.jpg
│   │   │   ├── 313.jpg
│   │   │   ├── 315.jpg
│   │   │   ├── 316.jpg
│   │   │   ├── 317.jpg
│   │   │   ├── 319.jpg
│   │   │   ├── 324.jpg
│   │   │   ├── 325.jpg
│   │   │   ├── 326.jpg
│   │   │   ├── 329.jpg
│   │   │   ├── 332.jpg
│   │   │   ├── 335.jpg
│   │   │   ├── 337.jpg
│   │   │   ├── 339.jpg
│   │   │   ├── 341.jpg
│   │   │   ├── 343.jpg
│   │   │   ├── 349.jpg
│   │   │   ├── 352.jpg
│   │   │   ├── 366.jpg
│   │   │   ├── 368.jpg
│   │   │   ├── 372.jpg
│   │   │   ├── 374.jpg
│   │   │   ├── 376.jpg
│   │   │   ├── 377.jpg
│   │   │   ├── 379.jpg
│   │   │   ├── 381.jpg
│   │   │   ├── 388.jpg
│   │   │   ├── 409.jpg
│   │   │   ├── 422.jpg
│   │   │   ├── 424.jpg
│   │   │   ├── 438.jpg
│   │   │   ├── 440.jpg
│   │   │   ├── 442.jpg
│   │   │   ├── 459.jpg
│   │   │   ├── 460.jpg
│   │   │   ├── 463.jpg
│   │   │   ├── 464.jpg
│   │   │   ├── 470.jpg
│   │   │   ├── 478.jpg
│   │   │   ├── 480.jpg
│   │   │   ├── 482.jpg
│   │   │   ├── 484.jpg
│   │   │   ├── 486.jpg
│   │   │   ├── 488.jpg
│   │   │   ├── 490.jpg
│   │   │   ├── 492.jpg
│   │   │   ├── 495.jpg
│   │   │   ├── 498.jpg
│   │   │   ├── 506.jpg
│   │   │   ├── 507.jpg
│   │   │   ├── 508.jpg
│   │   │   ├── 513.jpg
│   │   │   ├── 514.jpg
│   │   │   ├── 520.jpg
│   │   │   ├── 522.jpg
│   │   │   ├── 524.jpg
│   │   │   ├── 526.jpg
│   │   │   ├── 530.jpg
│   │   │   ├── 536.jpg
│   │   │   ├── 545.jpg
│   │   │   ├── 547.jpg
│   │   │   ├── 549.jpg
│   │   │   ├── 551.jpg
│   │   │   ├── 553.jpg
│   │   │   ├── 554.jpg
│   │   │   ├── 555.jpg
│   │   │   ├── 562.jpg
│   │   │   ├── 578.jpg
│   │   │   ├── 584.jpg
│   │   │   ├── 588.jpg
│   │   │   ├── 590.jpg
│   │   │   ├── 594.jpg
│   │   │   ├── 597.jpg
│   │   │   ├── 600.jpg
│   │   │   ├── 608.jpg
│   │   │   ├── 616.jpg
│   │   │   ├── 621.jpg
│   │   │   ├── 625.jpg
│   │   │   ├── 627.jpg
│   │   │   ├── 629.jpg
│   │   │   ├── 631.jpg
│   │   │   ├── 633.jpg
│   │   │   ├── 635.jpg
│   │   │   ├── 638.jpg
│   │   │   ├── 647.jpg
│   │   │   ├── 649.jpg
│   │   │   ├── 655.jpg
│   │   │   ├── 659.jpg
│   │   │   ├── 666.jpg
│   │   │   ├── 668.jpg
│   │   │   ├── 670.jpg
│   │   │   ├── 672.jpg
│   │   │   ├── 674.jpg
│   │   │   ├── 677.jpg
│   │   │   ├── 693.jpg
│   │   │   ├── 695.jpg
│   │   │   ├── 697.jpg
│   │   │   ├── 698.jpg
│   │   │   ├── 699.jpg
│   │   │   ├── 701.jpg
│   │   │   ├── 704.jpg
│   │   │   ├── 710.jpg
│   │   │   ├── 718.jpg
│   │   │   ├── 723.jpg
│   │   │   ├── 731.jpg
│   │   │   ├── 734.jpg
│   │   │   ├── 736.jpg
│   │   │   ├── 739.jpg
│   │   │   ├── 745.jpg
│   │   │   ├── 746.jpg
│   │   │   ├── 748.jpg
│   │   │   ├── 750.jpg
│   │   │   ├── 752.jpg
│   │   │   ├── 758.jpg
│   │   │   ├── 761.jpg
│   │   │   ├── 765.jpg
│   │   │   ├── 769.jpg
│   │   │   ├── 775.jpg
│   │   │   ├── 778.jpg
│   │   │   ├── 780.jpg
│   │   │   ├── 783.jpg
│   │   │   ├── 787.jpg
│   │   │   ├── 790.jpg
│   │   │   ├── 795.jpg
│   │   │   └── 797.jpg
│   │   ├── v3
│   │   │   ├── 000.jpg
│   │   │   ├── 001.jpg
│   │   │   ├── 002.jpg
│   │   │   ├── 003.jpg
│   │   │   ├── 004.jpg
│   │   │   ├── 005.jpg
│   │   │   ├── 006.jpg
│   │   │   ├── 007.jpg
│   │   │   ├── 008.jpg
│   │   │   ├── 009.jpg
│   │   │   ├── 010.jpg
│   │   │   ├── 011.jpg
│   │   │   ├── 012.jpg
│   │   │   ├── 013.jpg
│   │   │   ├── 014.jpg
│   │   │   ├── 015.jpg
│   │   │   ├── 016.jpg
│   │   │   ├── 017.jpg
│   │   │   ├── 018.jpg
│   │   │   ├── 019.jpg
│   │   │   ├── 020.jpg
│   │   │   ├── 021.jpg
│   │   │   ├── 022.jpg
│   │   │   ├── 023.jpg
│   │   │   ├── 024.jpg
│   │   │   ├── 025.jpg
│   │   │   ├── 026.jpg
│   │   │   ├── 027.jpg
│   │   │   ├── 028.jpg
│   │   │   ├── 029.jpg
│   │   │   ├── 030.jpg
│   │   │   ├── 031.jpg
│   │   │   ├── 032.jpg
│   │   │   ├── 033.jpg
│   │   │   ├── 034.jpg
│   │   │   ├── 035.jpg
│   │   │   ├── 036.jpg
│   │   │   ├── 037.jpg
│   │   │   ├── 038.jpg
│   │   │   ├── 039.jpg
│   │   │   ├── 040.jpg
│   │   │   ├── 041.jpg
│   │   │   ├── 042.jpg
│   │   │   ├── 043.jpg
│   │   │   ├── 044.jpg
│   │   │   ├── 045.jpg
│   │   │   ├── 046.jpg
│   │   │   ├── 047.jpg
│   │   │   ├── 048.jpg
│   │   │   ├── 049.jpg
│   │   │   ├── 050.jpg
│   │   │   ├── 051.jpg
│   │   │   ├── 052.jpg
│   │   │   ├── 053.jpg
│   │   │   ├── 054.jpg
│   │   │   ├── 055.jpg
│   │   │   ├── 056.jpg
│   │   │   ├── 057.jpg
│   │   │   ├── 058.jpg
│   │   │   ├── 059.jpg
│   │   │   ├── 060.jpg
│   │   │   ├── 061.jpg
│   │   │   ├── 062.jpg
│   │   │   ├── 063.jpg
│   │   │   ├── 064.jpg
│   │   │   ├── 065.jpg
│   │   │   ├── 066.jpg
│   │   │   ├── 067.jpg
│   │   │   ├── 068.jpg
│   │   │   ├── 069.jpg
│   │   │   ├── 070.jpg
│   │   │   ├── 071.jpg
│   │   │   ├── 072.jpg
│   │   │   ├── 073.jpg
│   │   │   ├── 074.jpg
│   │   │   ├── 075.jpg
│   │   │   ├── 076.jpg
│   │   │   ├── 077.jpg
│   │   │   ├── 078.jpg
│   │   │   ├── 079.jpg
│   │   │   ├── 080.jpg
│   │   │   ├── 081.jpg
│   │   │   ├── 082.jpg
│   │   │   ├── 083.jpg
│   │   │   ├── 084.jpg
│   │   │   ├── 085.jpg
│   │   │   ├── 086.jpg
│   │   │   ├── 087.jpg
│   │   │   ├── 088.jpg
│   │   │   ├── 089.jpg
│   │   │   ├── 090.jpg
│   │   │   ├── 091.jpg
│   │   │   ├── 092.jpg
│   │   │   ├── 093.jpg
│   │   │   ├── 094.jpg
│   │   │   ├── 095.jpg
│   │   │   ├── 096.jpg
│   │   │   ├── 097.jpg
│   │   │   ├── 098.jpg
│   │   │   ├── 099.jpg
│   │   │   ├── 100.jpg
│   │   │   ├── 101.jpg
│   │   │   ├── 102.jpg
│   │   │   ├── 103.jpg
│   │   │   ├── 104.jpg
│   │   │   ├── 105.jpg
│   │   │   ├── 106.jpg
│   │   │   ├── 107.jpg
│   │   │   ├── 108.jpg
│   │   │   ├── 109.jpg
│   │   │   ├── 110.jpg
│   │   │   ├── 111.jpg
│   │   │   ├── 112.jpg
│   │   │   ├── 113.jpg
│   │   │   ├── 114.jpg
│   │   │   ├── 115.jpg
│   │   │   ├── 116.jpg
│   │   │   ├── 117.jpg
│   │   │   ├── 118.jpg
│   │   │   ├── 119.jpg
│   │   │   ├── 120.jpg
│   │   │   ├── 121.jpg
│   │   │   ├── 122.jpg
│   │   │   ├── 123.jpg
│   │   │   ├── 124.jpg
│   │   │   ├── 125.jpg
│   │   │   ├── 126.jpg
│   │   │   ├── 127.jpg
│   │   │   ├── 128.jpg
│   │   │   ├── 129.jpg
│   │   │   ├── 130.jpg
│   │   │   ├── 131.jpg
│   │   │   ├── 132.jpg
│   │   │   ├── 133.jpg
│   │   │   ├── 134.jpg
│   │   │   ├── 135.jpg
│   │   │   ├── 136.jpg
│   │   │   ├── 137.jpg
│   │   │   ├── 138.jpg
│   │   │   ├── 139.jpg
│   │   │   ├── 140.jpg
│   │   │   ├── 141.jpg
│   │   │   ├── 142.jpg
│   │   │   ├── 143.jpg
│   │   │   ├── 144.jpg
│   │   │   ├── 145.jpg
│   │   │   ├── 146.jpg
│   │   │   ├── 147.jpg
│   │   │   ├── 148.jpg
│   │   │   ├── 149.jpg
│   │   │   ├── 150.jpg
│   │   │   ├── 151.jpg
│   │   │   ├── 152.jpg
│   │   │   ├── 153.jpg
│   │   │   ├── 154.jpg
│   │   │   ├── 155.jpg
│   │   │   ├── 156.jpg
│   │   │   ├── 157.jpg
│   │   │   ├── 158.jpg
│   │   │   ├── 159.jpg
│   │   │   ├── 160.jpg
│   │   │   ├── 161.jpg
│   │   │   ├── 162.jpg
│   │   │   ├── 163.jpg
│   │   │   ├── 164.jpg
│   │   │   ├── 165.jpg
│   │   │   ├── 166.jpg
│   │   │   ├── 167.jpg
│   │   │   ├── 168.jpg
│   │   │   ├── 169.jpg
│   │   │   ├── 170.jpg
│   │   │   ├── 171.jpg
│   │   │   ├── 172.jpg
│   │   │   ├── 173.jpg
│   │   │   ├── 174.jpg
│   │   │   ├── 175.jpg
│   │   │   ├── 176.jpg
│   │   │   ├── 177.jpg
│   │   │   ├── 178.jpg
│   │   │   ├── 179.jpg
│   │   │   ├── 180.jpg
│   │   │   ├── 181.jpg
│   │   │   ├── 182.jpg
│   │   │   ├── 183.jpg
│   │   │   ├── 184.jpg
│   │   │   ├── 185.jpg
│   │   │   ├── 186.jpg
│   │   │   ├── 187.jpg
│   │   │   ├── 188.jpg
│   │   │   ├── 189.jpg
│   │   │   ├── 190.jpg
│   │   │   ├── 191.jpg
│   │   │   ├── 192.jpg
│   │   │   ├── 193.jpg
│   │   │   ├── 194.jpg
│   │   │   ├── 195.jpg
│   │   │   ├── 196.jpg
│   │   │   ├── 197.jpg
│   │   │   ├── 198.jpg
│   │   │   ├── 199.jpg
│   │   │   ├── 200.jpg
│   │   │   ├── 201.jpg
│   │   │   ├── 202.jpg
│   │   │   ├── 203.jpg
│   │   │   ├── 204.jpg
│   │   │   ├── 205.jpg
│   │   │   ├── 206.jpg
│   │   │   ├── 207.jpg
│   │   │   ├── 208.jpg
│   │   │   └── 209.jpg
│   │   ├── v4
│   │   │   ├── 000.jpg
│   │   │   ├── 001.jpg
│   │   │   ├── 002.jpg
│   │   │   ├── 003.jpg
│   │   │   ├── 004.jpg
│   │   │   ├── 005.jpg
│   │   │   ├── 006.jpg
│   │   │   ├── 007.jpg
│   │   │   ├── 008.jpg
│   │   │   ├── 009.jpg
│   │   │   ├── 010.jpg
│   │   │   ├── 011.jpg
│   │   │   ├── 012.jpg
│   │   │   ├── 013.jpg
│   │   │   ├── 014.jpg
│   │   │   ├── 015.jpg
│   │   │   ├── 016.jpg
│   │   │   ├── 017.jpg
│   │   │   ├── 018.jpg
│   │   │   ├── 019.jpg
│   │   │   ├── 020.jpg
│   │   │   ├── 021.jpg
│   │   │   ├── 022.jpg
│   │   │   ├── 023.jpg
│   │   │   ├── 024.jpg
│   │   │   ├── 025.jpg
│   │   │   └── 026.jpg
│   │   └── v5
│   │       ├── 000.jpg
│   │       ├── 001.jpg
│   │       ├── 002.jpg
│   │       ├── 003.jpg
│   │       ├── 004.jpg
│   │       ├── 005.jpg
│   │       ├── 006.jpg
│   │       ├── 007.jpg
│   │       ├── 008.jpg
│   │       └── 009.jpg
│   ├── disc-data.csv
│   ├── LabelMake-false.py
│   ├── LabelMake.py
│   ├── __MACOSX
│   │   └── disc
│   ├── vertebra
│   │   ├── v1
│   │   │   ├── 001.jpg
│   │   │   ├── 005.jpg
│   │   │   ├── 007.jpg
│   │   │   ├── 009.jpg
│   │   │   ├── 010.jpg
│   │   │   ├── 011.jpg
│   │   │   ├── 014.jpg
│   │   │   ├── 016.jpg
│   │   │   ├── 025.jpg
│   │   │   ├── 027.jpg
│   │   │   ├── 028.jpg
│   │   │   ├── 031.jpg
│   │   │   ├── 033.jpg
│   │   │   ├── 034.jpg
│   │   │   ├── 036.jpg
│   │   │   ├── 038.jpg
│   │   │   ├── 040.jpg
│   │   │   ├── 043.jpg
│   │   │   ├── 045.jpg
│   │   │   ├── 049.jpg
│   │   │   ├── 050.jpg
│   │   │   ├── 051.jpg
│   │   │   ├── 054.jpg
│   │   │   ├── 056.jpg
│   │   │   ├── 058.jpg
│   │   │   ├── 060.jpg
│   │   │   ├── 061.jpg
│   │   │   ├── 063.jpg
│   │   │   ├── 078.jpg
│   │   │   ├── 088.jpg
│   │   │   ├── 089.jpg
│   │   │   ├── 091.jpg
│   │   │   ├── 093.jpg
│   │   │   ├── 096.jpg
│   │   │   ├── 097.jpg
│   │   │   ├── 098.jpg
│   │   │   ├── 102.jpg
│   │   │   ├── 115.jpg
│   │   │   ├── 117.jpg
│   │   │   ├── 118.jpg
│   │   │   ├── 120.jpg
│   │   │   ├── 125.jpg
│   │   │   ├── 127.jpg
│   │   │   ├── 129.jpg
│   │   │   ├── 130.jpg
│   │   │   ├── 131.jpg
│   │   │   ├── 135.jpg
│   │   │   ├── 137.jpg
│   │   │   ├── 139.jpg
│   │   │   ├── 142.jpg
│   │   │   ├── 144.jpg
│   │   │   ├── 148.jpg
│   │   │   ├── 150.jpg
│   │   │   ├── 152.jpg
│   │   │   ├── 153.jpg
│   │   │   ├── 157.jpg
│   │   │   ├── 159.jpg
│   │   │   ├── 161.jpg
│   │   │   ├── 163.jpg
│   │   │   ├── 166.jpg
│   │   │   ├── 168.jpg
│   │   │   ├── 170.jpg
│   │   │   ├── 171.jpg
│   │   │   ├── 189.jpg
│   │   │   ├── 191.jpg
│   │   │   ├── 193.jpg
│   │   │   ├── 195.jpg
│   │   │   ├── 198.jpg
│   │   │   ├── 201.jpg
│   │   │   ├── 208.jpg
│   │   │   ├── 214.jpg
│   │   │   ├── 216.jpg
│   │   │   ├── 220.jpg
│   │   │   ├── 223.jpg
│   │   │   ├── 225.jpg
│   │   │   ├── 227.jpg
│   │   │   ├── 228.jpg
│   │   │   ├── 230.jpg
│   │   │   ├── 232.jpg
│   │   │   ├── 233.jpg
│   │   │   ├── 237.jpg
│   │   │   ├── 238.jpg
│   │   │   ├── 242.jpg
│   │   │   ├── 248.jpg
│   │   │   ├── 260.jpg
│   │   │   ├── 262.jpg
│   │   │   ├── 264.jpg
│   │   │   ├── 266.jpg
│   │   │   ├── 267.jpg
│   │   │   ├── 272.jpg
│   │   │   ├── 275.jpg
│   │   │   ├── 278.jpg
│   │   │   ├── 280.jpg
│   │   │   ├── 282.jpg
│   │   │   ├── 284.jpg
│   │   │   ├── 303.jpg
│   │   │   ├── 310.jpg
│   │   │   ├── 311.jpg
│   │   │   ├── 317.jpg
│   │   │   ├── 320.jpg
│   │   │   ├── 322.jpg
│   │   │   ├── 323.jpg
│   │   │   ├── 335.jpg
│   │   │   ├── 337.jpg
│   │   │   ├── 342.jpg
│   │   │   ├── 344.jpg
│   │   │   ├── 346.jpg
│   │   │   ├── 349.jpg
│   │   │   ├── 351.jpg
│   │   │   ├── 353.jpg
│   │   │   ├── 363.jpg
│   │   │   ├── 364.jpg
│   │   │   ├── 365.jpg
│   │   │   ├── 367.jpg
│   │   │   ├── 370.jpg
│   │   │   ├── 371.jpg
│   │   │   ├── 373.jpg
│   │   │   ├── 375.jpg
│   │   │   ├── 377.jpg
│   │   │   ├── 379.jpg
│   │   │   ├── 382.jpg
│   │   │   ├── 385.jpg
│   │   │   ├── 387.jpg
│   │   │   ├── 389.jpg
│   │   │   ├── 390.jpg
│   │   │   ├── 392.jpg
│   │   │   ├── 396.jpg
│   │   │   ├── 398.jpg
│   │   │   ├── 409.jpg
│   │   │   ├── 411.jpg
│   │   │   ├── 413.jpg
│   │   │   ├── 414.jpg
│   │   │   ├── 415.jpg
│   │   │   ├── 430.jpg
│   │   │   ├── 437.jpg
│   │   │   ├── 441.jpg
│   │   │   ├── 443.jpg
│   │   │   ├── 446.jpg
│   │   │   ├── 451.jpg
│   │   │   ├── 453.jpg
│   │   │   ├── 470.jpg
│   │   │   ├── 478.jpg
│   │   │   ├── 493.jpg
│   │   │   ├── 495.jpg
│   │   │   ├── 496.jpg
│   │   │   ├── 497.jpg
│   │   │   ├── 508.jpg
│   │   │   ├── 509.jpg
│   │   │   ├── 513.jpg
│   │   │   ├── 515.jpg
│   │   │   ├── 518.jpg
│   │   │   ├── 529.jpg
│   │   │   ├── 531.jpg
│   │   │   ├── 533.jpg
│   │   │   ├── 535.jpg
│   │   │   ├── 541.jpg
│   │   │   ├── 543.jpg
│   │   │   ├── 545.jpg
│   │   │   ├── 552.jpg
│   │   │   ├── 553.jpg
│   │   │   ├── 554.jpg
│   │   │   ├── 555.jpg
│   │   │   ├── 562.jpg
│   │   │   ├── 563.jpg
│   │   │   └── 564.jpg
│   │   └── v2
│   │       ├── 000.jpg
│   │       ├── 001.jpg
│   │       ├── 002.jpg
│   │       ├── 004.jpg
│   │       ├── 005.jpg
│   │       ├── 006.jpg
│   │       ├── 008.jpg
│   │       ├── 009.jpg
│   │       ├── 010.jpg
│   │       ├── 011.jpg
│   │       ├── 012.jpg
│   │       ├── 013.jpg
│   │       ├── 014.jpg
│   │       ├── 015.jpg
│   │       ├── 017.jpg
│   │       ├── 020.jpg
│   │       ├── 022.jpg
│   │       ├── 024.jpg
│   │       ├── 025.jpg
│   │       ├── 026.jpg
│   │       ├── 027.jpg
│   │       ├── 028.jpg
│   │       ├── 030.jpg
│   │       ├── 031.jpg
│   │       ├── 032.jpg
│   │       ├── 033.jpg
│   │       ├── 034.jpg
│   │       ├── 035.jpg
│   │       ├── 036.jpg
│   │       ├── 037.jpg
│   │       ├── 038.jpg
│   │       ├── 039.jpg
│   │       ├── 040.jpg
│   │       ├── 041.jpg
│   │       ├── 042.jpg
│   │       ├── 043.jpg
│   │       ├── 044.jpg
│   │       ├── 045.jpg
│   │       ├── 046.jpg
│   │       ├── 049.jpg
│   │       ├── 051.jpg
│   │       ├── 053.jpg
│   │       ├── 054.jpg
│   │       ├── 055.jpg
│   │       ├── 059.jpg
│   │       ├── 061.jpg
│   │       ├── 062.jpg
│   │       ├── 063.jpg
│   │       ├── 065.jpg
│   │       ├── 066.jpg
│   │       ├── 067.jpg
│   │       ├── 068.jpg
│   │       ├── 069.jpg
│   │       ├── 070.jpg
│   │       ├── 073.jpg
│   │       ├── 076.jpg
│   │       ├── 077.jpg
│   │       ├── 080.jpg
│   │       ├── 082.jpg
│   │       ├── 083.jpg
│   │       ├── 085.jpg
│   │       ├── 086.jpg
│   │       ├── 087.jpg
│   │       ├── 088.jpg
│   │       ├── 089.jpg
│   │       ├── 090.jpg
│   │       ├── 091.jpg
│   │       ├── 092.jpg
│   │       ├── 093.jpg
│   │       ├── 095.jpg
│   │       ├── 096.jpg
│   │       ├── 097.jpg
│   │       ├── 098.jpg
│   │       ├── 100.jpg
│   │       ├── 101.jpg
│   │       ├── 102.jpg
│   │       ├── 103.jpg
│   │       ├── 104.jpg
│   │       ├── 106.jpg
│   │       ├── 108.jpg
│   │       ├── 109.jpg
│   │       ├── 111.jpg
│   │       ├── 113.jpg
│   │       ├── 115.jpg
│   │       ├── 118.jpg
│   │       ├── 119.jpg
│   │       ├── 120.jpg
│   │       ├── 121.jpg
│   │       ├── 124.jpg
│   │       ├── 125.jpg
│   │       ├── 126.jpg
│   │       ├── 127.jpg
│   │       ├── 128.jpg
│   │       ├── 129.jpg
│   │       ├── 130.jpg
│   │       ├── 131.jpg
│   │       ├── 132.jpg
│   │       ├── 134.jpg
│   │       ├── 136.jpg
│   │       ├── 137.jpg
│   │       ├── 138.jpg
│   │       ├── 139.jpg
│   │       ├── 140.jpg
│   │       ├── 142.jpg
│   │       ├── 144.jpg
│   │       ├── 145.jpg
│   │       ├── 147.jpg
│   │       ├── 148.jpg
│   │       ├── 149.jpg
│   │       ├── 151.jpg
│   │       ├── 154.jpg
│   │       ├── 155.jpg
│   │       ├── 156.jpg
│   │       ├── 157.jpg
│   │       ├── 159.jpg
│   │       ├── 161.jpg
│   │       ├── 165.jpg
│   │       ├── 167.jpg
│   │       ├── 168.jpg
│   │       ├── 169.jpg
│   │       ├── 171.jpg
│   │       ├── 172.jpg
│   │       ├── 173.jpg
│   │       ├── 174.jpg
│   │       ├── 175.jpg
│   │       ├── 176.jpg
│   │       ├── 177.jpg
│   │       ├── 179.jpg
│   │       ├── 181.jpg
│   │       ├── 182.jpg
│   │       ├── 183.jpg
│   │       ├── 184.jpg
│   │       ├── 185.jpg
│   │       ├── 186.jpg
│   │       ├── 188.jpg
│   │       ├── 190.jpg
│   │       ├── 192.jpg
│   │       ├── 194.jpg
│   │       ├── 195.jpg
│   │       ├── 196.jpg
│   │       ├── 198.jpg
│   │       ├── 200.jpg
│   │       ├── 202.jpg
│   │       ├── 203.jpg
│   │       ├── 205.jpg
│   │       ├── 207.jpg
│   │       ├── 208.jpg
│   │       ├── 209.jpg
│   │       ├── 211.jpg
│   │       ├── 212.jpg
│   │       ├── 214.jpg
│   │       ├── 215.jpg
│   │       ├── 217.jpg
│   │       ├── 219.jpg
│   │       ├── 220.jpg
│   │       ├── 222.jpg
│   │       ├── 223.jpg
│   │       ├── 224.jpg
│   │       ├── 226.jpg
│   │       ├── 228.jpg
│   │       ├── 230.jpg
│   │       ├── 231.jpg
│   │       ├── 232.jpg
│   │       ├── 234.jpg
│   │       ├── 236.jpg
│   │       ├── 237.jpg
│   │       ├── 239.jpg
│   │       ├── 241.jpg
│   │       ├── 243.jpg
│   │       ├── 244.jpg
│   │       ├── 245.jpg
│   │       ├── 246.jpg
│   │       ├── 248.jpg
│   │       ├── 250.jpg
│   │       ├── 252.jpg
│   │       ├── 253.jpg
│   │       ├── 254.jpg
│   │       ├── 255.jpg
│   │       ├── 257.jpg
│   │       ├── 258.jpg
│   │       ├── 259.jpg
│   │       ├── 260.jpg
│   │       ├── 261.jpg
│   │       ├── 262.jpg
│   │       ├── 264.jpg
│   │       ├── 266.jpg
│   │       ├── 267.jpg
│   │       ├── 269.jpg
│   │       ├── 271.jpg
│   │       ├── 272.jpg
│   │       ├── 273.jpg
│   │       ├── 274.jpg
│   │       ├── 275.jpg
│   │       ├── 278.jpg
│   │       ├── 279.jpg
│   │       ├── 280.jpg
│   │       ├── 282.jpg
│   │       ├── 284.jpg
│   │       ├── 285.jpg
│   │       ├── 286.jpg
│   │       ├── 288.jpg
│   │       ├── 290.jpg
│   │       ├── 291.jpg
│   │       ├── 292.jpg
│   │       ├── 294.jpg
│   │       ├── 295.jpg
│   │       ├── 297.jpg
│   │       ├── 298.jpg
│   │       ├── 299.jpg
│   │       ├── 300.jpg
│   │       ├── 301.jpg
│   │       ├── 302.jpg
│   │       ├── 303.jpg
│   │       ├── 304.jpg
│   │       ├── 305.jpg
│   │       ├── 307.jpg
│   │       ├── 308.jpg
│   │       ├── 309.jpg
│   │       ├── 310.jpg
│   │       ├── 311.jpg
│   │       ├── 312.jpg
│   │       ├── 314.jpg
│   │       ├── 318.jpg
│   │       ├── 320.jpg
│   │       ├── 321.jpg
│   │       ├── 322.jpg
│   │       ├── 323.jpg
│   │       ├── 327.jpg
│   │       ├── 328.jpg
│   │       ├── 330.jpg
│   │       ├── 331.jpg
│   │       ├── 333.jpg
│   │       ├── 334.jpg
│   │       ├── 336.jpg
│   │       ├── 338.jpg
│   │       ├── 340.jpg
│   │       ├── 342.jpg
│   │       ├── 344.jpg
│   │       ├── 345.jpg
│   │       ├── 346.jpg
│   │       ├── 347.jpg
│   │       ├── 348.jpg
│   │       ├── 350.jpg
│   │       ├── 351.jpg
│   │       ├── 353.jpg
│   │       ├── 354.jpg
│   │       ├── 355.jpg
│   │       ├── 356.jpg
│   │       ├── 357.jpg
│   │       ├── 358.jpg
│   │       ├── 359.jpg
│   │       ├── 360.jpg
│   │       ├── 361.jpg
│   │       ├── 362.jpg
│   │       ├── 363.jpg
│   │       ├── 364.jpg
│   │       ├── 365.jpg
│   │       ├── 367.jpg
│   │       ├── 369.jpg
│   │       ├── 370.jpg
│   │       ├── 371.jpg
│   │       ├── 373.jpg
│   │       ├── 375.jpg
│   │       ├── 378.jpg
│   │       ├── 380.jpg
│   │       ├── 382.jpg
│   │       ├── 383.jpg
│   │       ├── 384.jpg
│   │       ├── 385.jpg
│   │       ├── 386.jpg
│   │       ├── 387.jpg
│   │       ├── 389.jpg
│   │       ├── 390.jpg
│   │       ├── 391.jpg
│   │       ├── 392.jpg
│   │       ├── 393.jpg
│   │       ├── 394.jpg
│   │       ├── 395.jpg
│   │       ├── 396.jpg
│   │       ├── 397.jpg
│   │       ├── 398.jpg
│   │       ├── 399.jpg
│   │       ├── 400.jpg
│   │       ├── 401.jpg
│   │       ├── 402.jpg
│   │       ├── 403.jpg
│   │       ├── 404.jpg
│   │       ├── 405.jpg
│   │       ├── 406.jpg
│   │       ├── 407.jpg
│   │       ├── 408.jpg
│   │       ├── 410.jpg
│   │       ├── 411.jpg
│   │       ├── 412.jpg
│   │       ├── 413.jpg
│   │       ├── 414.jpg
│   │       ├── 415.jpg
│   │       ├── 416.jpg
│   │       ├── 417.jpg
│   │       ├── 418.jpg
│   │       ├── 419.jpg
│   │       ├── 420.jpg
│   │       ├── 421.jpg
│   │       ├── 423.jpg
│   │       ├── 425.jpg
│   │       ├── 426.jpg
│   │       ├── 427.jpg
│   │       ├── 428.jpg
│   │       ├── 429.jpg
│   │       ├── 430.jpg
│   │       ├── 431.jpg
│   │       ├── 432.jpg
│   │       ├── 433.jpg
│   │       ├── 434.jpg
│   │       ├── 435.jpg
│   │       ├── 436.jpg
│   │       ├── 437.jpg
│   │       ├── 439.jpg
│   │       ├── 441.jpg
│   │       ├── 443.jpg
│   │       ├── 444.jpg
│   │       ├── 445.jpg
│   │       ├── 446.jpg
│   │       ├── 447.jpg
│   │       ├── 448.jpg
│   │       ├── 449.jpg
│   │       ├── 450.jpg
│   │       ├── 451.jpg
│   │       ├── 452.jpg
│   │       ├── 453.jpg
│   │       ├── 454.jpg
│   │       ├── 455.jpg
│   │       ├── 456.jpg
│   │       ├── 457.jpg
│   │       ├── 458.jpg
│   │       ├── 461.jpg
│   │       ├── 462.jpg
│   │       ├── 465.jpg
│   │       ├── 466.jpg
│   │       ├── 467.jpg
│   │       ├── 468.jpg
│   │       ├── 469.jpg
│   │       ├── 471.jpg
│   │       ├── 472.jpg
│   │       ├── 473.jpg
│   │       ├── 474.jpg
│   │       ├── 475.jpg
│   │       ├── 476.jpg
│   │       ├── 477.jpg
│   │       ├── 479.jpg
│   │       ├── 481.jpg
│   │       ├── 483.jpg
│   │       ├── 485.jpg
│   │       ├── 487.jpg
│   │       ├── 489.jpg
│   │       ├── 491.jpg
│   │       ├── 493.jpg
│   │       ├── 494.jpg
│   │       ├── 496.jpg
│   │       ├── 497.jpg
│   │       ├── 499.jpg
│   │       ├── 500.jpg
│   │       ├── 501.jpg
│   │       ├── 502.jpg
│   │       ├── 503.jpg
│   │       ├── 504.jpg
│   │       ├── 505.jpg
│   │       ├── 509.jpg
│   │       ├── 510.jpg
│   │       ├── 511.jpg
│   │       ├── 512.jpg
│   │       ├── 515.jpg
│   │       ├── 516.jpg
│   │       ├── 517.jpg
│   │       ├── 518.jpg
│   │       ├── 519.jpg
│   │       ├── 521.jpg
│   │       ├── 523.jpg
│   │       ├── 525.jpg
│   │       ├── 527.jpg
│   │       ├── 528.jpg
│   │       ├── 529.jpg
│   │       ├── 531.jpg
│   │       ├── 532.jpg
│   │       ├── 533.jpg
│   │       ├── 534.jpg
│   │       ├── 535.jpg
│   │       ├── 537.jpg
│   │       ├── 538.jpg
│   │       ├── 539.jpg
│   │       ├── 540.jpg
│   │       ├── 541.jpg
│   │       ├── 542.jpg
│   │       ├── 543.jpg
│   │       ├── 544.jpg
│   │       ├── 546.jpg
│   │       ├── 548.jpg
│   │       ├── 550.jpg
│   │       ├── 552.jpg
│   │       ├── 556.jpg
│   │       ├── 557.jpg
│   │       ├── 558.jpg
│   │       ├── 559.jpg
│   │       ├── 560.jpg
│   │       ├── 561.jpg
│   │       ├── 563.jpg
│   │       ├── 564.jpg
│   │       ├── 565.jpg
│   │       ├── 566.jpg
│   │       ├── 567.jpg
│   │       ├── 568.jpg
│   │       ├── 569.jpg
│   │       ├── 570.jpg
│   │       ├── 571.jpg
│   │       ├── 572.jpg
│   │       ├── 573.jpg
│   │       ├── 574.jpg
│   │       ├── 575.jpg
│   │       ├── 576.jpg
│   │       ├── 577.jpg
│   │       ├── 579.jpg
│   │       ├── 580.jpg
│   │       ├── 581.jpg
│   │       ├── 582.jpg
│   │       ├── 583.jpg
│   │       ├── 585.jpg
│   │       ├── 586.jpg
│   │       ├── 587.jpg
│   │       ├── 589.jpg
│   │       ├── 591.jpg
│   │       ├── 592.jpg
│   │       ├── 593.jpg
│   │       ├── 595.jpg
│   │       ├── 596.jpg
│   │       ├── 598.jpg
│   │       ├── 599.jpg
│   │       ├── 601.jpg
│   │       ├── 602.jpg
│   │       ├── 603.jpg
│   │       ├── 604.jpg
│   │       ├── 605.jpg
│   │       ├── 606.jpg
│   │       ├── 607.jpg
│   │       ├── 609.jpg
│   │       ├── 610.jpg
│   │       ├── 611.jpg
│   │       ├── 612.jpg
│   │       ├── 613.jpg
│   │       ├── 614.jpg
│   │       ├── 615.jpg
│   │       ├── 617.jpg
│   │       ├── 618.jpg
│   │       ├── 619.jpg
│   │       ├── 620.jpg
│   │       ├── 622.jpg
│   │       ├── 623.jpg
│   │       ├── 624.jpg
│   │       ├── 626.jpg
│   │       ├── 628.jpg
│   │       ├── 630.jpg
│   │       ├── 632.jpg
│   │       ├── 634.jpg
│   │       ├── 636.jpg
│   │       ├── 637.jpg
│   │       ├── 639.jpg
│   │       ├── 640.jpg
│   │       ├── 641.jpg
│   │       ├── 642.jpg
│   │       ├── 643.jpg
│   │       ├── 644.jpg
│   │       ├── 645.jpg
│   │       ├── 646.jpg
│   │       ├── 648.jpg
│   │       ├── 650.jpg
│   │       ├── 651.jpg
│   │       ├── 652.jpg
│   │       ├── 653.jpg
│   │       ├── 654.jpg
│   │       ├── 656.jpg
│   │       ├── 657.jpg
│   │       ├── 658.jpg
│   │       ├── 660.jpg
│   │       ├── 661.jpg
│   │       ├── 662.jpg
│   │       ├── 663.jpg
│   │       ├── 664.jpg
│   │       ├── 665.jpg
│   │       ├── 667.jpg
│   │       ├── 669.jpg
│   │       ├── 671.jpg
│   │       ├── 673.jpg
│   │       ├── 675.jpg
│   │       ├── 676.jpg
│   │       ├── 678.jpg
│   │       ├── 679.jpg
│   │       ├── 680.jpg
│   │       ├── 681.jpg
│   │       ├── 682.jpg
│   │       ├── 683.jpg
│   │       ├── 684.jpg
│   │       ├── 685.jpg
│   │       ├── 686.jpg
│   │       ├── 687.jpg
│   │       ├── 688.jpg
│   │       ├── 689.jpg
│   │       ├── 690.jpg
│   │       ├── 691.jpg
│   │       ├── 692.jpg
│   │       ├── 694.jpg
│   │       ├── 696.jpg
│   │       ├── 700.jpg
│   │       ├── 702.jpg
│   │       ├── 703.jpg
│   │       ├── 705.jpg
│   │       ├── 706.jpg
│   │       ├── 707.jpg
│   │       ├── 708.jpg
│   │       ├── 709.jpg
│   │       ├── 711.jpg
│   │       ├── 712.jpg
│   │       ├── 713.jpg
│   │       ├── 714.jpg
│   │       ├── 715.jpg
│   │       ├── 716.jpg
│   │       ├── 717.jpg
│   │       ├── 719.jpg
│   │       ├── 720.jpg
│   │       ├── 721.jpg
│   │       ├── 722.jpg
│   │       ├── 724.jpg
│   │       ├── 725.jpg
│   │       ├── 726.jpg
│   │       ├── 727.jpg
│   │       ├── 728.jpg
│   │       ├── 729.jpg
│   │       ├── 730.jpg
│   │       ├── 732.jpg
│   │       ├── 733.jpg
│   │       ├── 735.jpg
│   │       ├── 737.jpg
│   │       ├── 738.jpg
│   │       ├── 740.jpg
│   │       ├── 741.jpg
│   │       ├── 742.jpg
│   │       ├── 743.jpg
│   │       ├── 744.jpg
│   │       ├── 747.jpg
│   │       ├── 749.jpg
│   │       ├── 751.jpg
│   │       ├── 753.jpg
│   │       ├── 754.jpg
│   │       ├── 755.jpg
│   │       ├── 756.jpg
│   │       ├── 757.jpg
│   │       ├── 759.jpg
│   │       ├── 760.jpg
│   │       ├── 762.jpg
│   │       ├── 763.jpg
│   │       ├── 764.jpg
│   │       ├── 766.jpg
│   │       ├── 767.jpg
│   │       ├── 768.jpg
│   │       ├── 770.jpg
│   │       ├── 771.jpg
│   │       ├── 772.jpg
│   │       ├── 773.jpg
│   │       ├── 774.jpg
│   │       ├── 776.jpg
│   │       ├── 777.jpg
│   │       ├── 779.jpg
│   │       ├── 781.jpg
│   │       ├── 782.jpg
│   │       ├── 784.jpg
│   │       ├── 785.jpg
│   │       ├── 786.jpg
│   │       ├── 788.jpg
│   │       ├── 789.jpg
│   │       ├── 791.jpg
│   │       ├── 792.jpg
│   │       ├── 793.jpg
│   │       ├── 794.jpg
│   │       └── 796.jpg
│   └── vertebra-data.csv
├── Data-ForTest
│   ├── Data
│   │   ├── 0
│   │   │   ├── 000-0.jpg
│   │   │   ├── 001-0.jpg
│   │   │   ├── 002-0.jpg
│   │   │   ├── 003-0.jpg
│   │   │   ├── 004-0.jpg
│   │   │   ├── 005-0.jpg
│   │   │   ├── 006-0.jpg
│   │   │   ├── 007-0.jpg
│   │   │   ├── 008-0.jpg
│   │   │   ├── 010-0.jpg
│   │   │   ├── 011-0.jpg
│   │   │   ├── 012-0.jpg
│   │   │   ├── 013-0.jpg
│   │   │   ├── 014-0.jpg
│   │   │   ├── 015-0.jpg
│   │   │   ├── 016-0.jpg
│   │   │   ├── 017-0.jpg
│   │   │   ├── 018-0.jpg
│   │   │   ├── 019-0.jpg
│   │   │   ├── 020-0.jpg
│   │   │   ├── 021-0.jpg
│   │   │   ├── 022-0.jpg
│   │   │   ├── 023-0.jpg
│   │   │   ├── 024-0.jpg
│   │   │   ├── 025-0.jpg
│   │   │   ├── 026-0.jpg
│   │   │   ├── 027-0.jpg
│   │   │   ├── 028-0.jpg
│   │   │   ├── 029-0.jpg
│   │   │   ├── 030-0.jpg
│   │   │   ├── 031-0.jpg
│   │   │   ├── 032-0.jpg
│   │   │   ├── 033-0.jpg
│   │   │   ├── 034-0.jpg
│   │   │   ├── 035-0.jpg
│   │   │   ├── 036-0.jpg
│   │   │   ├── 037-0.jpg
│   │   │   ├── 038-0.jpg
│   │   │   ├── 039-0.jpg
│   │   │   ├── 040-0.jpg
│   │   │   ├── 041-0.jpg
│   │   │   ├── 042-0.jpg
│   │   │   ├── 043-0.jpg
│   │   │   ├── 044-0.jpg
│   │   │   ├── 045-0.jpg
│   │   │   ├── 046-0.jpg
│   │   │   ├── 047-0.jpg
│   │   │   ├── 048-0.jpg
│   │   │   └── 049-0.jpg
│   │   ├── 1
│   │   │   ├── 000-1.jpg
│   │   │   ├── 001-1.jpg
│   │   │   ├── 002-1.jpg
│   │   │   ├── 003-1.jpg
│   │   │   ├── 004-1.jpg
│   │   │   ├── 005-1.jpg
│   │   │   ├── 006-1.jpg
│   │   │   ├── 007-1.jpg
│   │   │   ├── 008-1.jpg
│   │   │   ├── 010-1.jpg
│   │   │   ├── 011-1.jpg
│   │   │   ├── 012-1.jpg
│   │   │   ├── 013-1.jpg
│   │   │   ├── 014-1.jpg
│   │   │   ├── 015-1.jpg
│   │   │   ├── 016-1.jpg
│   │   │   ├── 017-1.jpg
│   │   │   ├── 018-1.jpg
│   │   │   ├── 019-1.jpg
│   │   │   ├── 020-1.jpg
│   │   │   ├── 021-1.jpg
│   │   │   ├── 022-1.jpg
│   │   │   ├── 023-1.jpg
│   │   │   ├── 024-1.jpg
│   │   │   ├── 025-1.jpg
│   │   │   ├── 026-1.jpg
│   │   │   ├── 027-1.jpg
│   │   │   ├── 028-1.jpg
│   │   │   ├── 029-1.jpg
│   │   │   ├── 030-1.jpg
│   │   │   ├── 031-1.jpg
│   │   │   ├── 032-1.jpg
│   │   │   ├── 033-1.jpg
│   │   │   ├── 034-1.jpg
│   │   │   ├── 035-1.jpg
│   │   │   ├── 036-1.jpg
│   │   │   ├── 037-1.jpg
│   │   │   ├── 038-1.jpg
│   │   │   ├── 039-1.jpg
│   │   │   ├── 040-1.jpg
│   │   │   ├── 041-1.jpg
│   │   │   ├── 042-1.jpg
│   │   │   ├── 043-1.jpg
│   │   │   ├── 044-1.jpg
│   │   │   ├── 045-1.jpg
│   │   │   ├── 046-1.jpg
│   │   │   ├── 047-1.jpg
│   │   │   ├── 048-1.jpg
│   │   │   └── 049-1.jpg
│   │   ├── 10
│   │   │   ├── 000-10.jpg
│   │   │   ├── 001-10.jpg
│   │   │   ├── 002-10.jpg
│   │   │   ├── 003-10.jpg
│   │   │   ├── 004-10.jpg
│   │   │   ├── 005-10.jpg
│   │   │   ├── 006-10.jpg
│   │   │   ├── 007-10.jpg
│   │   │   ├── 008-10.jpg
│   │   │   ├── 010-10.jpg
│   │   │   ├── 011-10.jpg
│   │   │   ├── 012-10.jpg
│   │   │   ├── 013-10.jpg
│   │   │   ├── 014-10.jpg
│   │   │   ├── 015-10.jpg
│   │   │   ├── 016-10.jpg
│   │   │   ├── 017-10.jpg
│   │   │   ├── 018-10.jpg
│   │   │   ├── 019-10.jpg
│   │   │   ├── 020-10.jpg
│   │   │   ├── 021-10.jpg
│   │   │   ├── 022-10.jpg
│   │   │   ├── 023-10.jpg
│   │   │   ├── 024-10.jpg
│   │   │   ├── 025-10.jpg
│   │   │   ├── 026-10.jpg
│   │   │   ├── 027-10.jpg
│   │   │   ├── 028-10.jpg
│   │   │   ├── 029-10.jpg
│   │   │   ├── 030-10.jpg
│   │   │   ├── 031-10.jpg
│   │   │   ├── 032-10.jpg
│   │   │   ├── 033-10.jpg
│   │   │   ├── 034-10.jpg
│   │   │   ├── 035-10.jpg
│   │   │   ├── 036-10.jpg
│   │   │   ├── 037-10.jpg
│   │   │   ├── 038-10.jpg
│   │   │   ├── 039-10.jpg
│   │   │   ├── 040-10.jpg
│   │   │   ├── 041-10.jpg
│   │   │   ├── 042-10.jpg
│   │   │   ├── 043-10.jpg
│   │   │   ├── 044-10.jpg
│   │   │   ├── 045-10.jpg
│   │   │   ├── 046-10.jpg
│   │   │   ├── 047-10.jpg
│   │   │   ├── 048-10.jpg
│   │   │   └── 049-10.jpg
│   │   ├── 2
│   │   │   ├── 000-2.jpg
│   │   │   ├── 001-2.jpg
│   │   │   ├── 002-2.jpg
│   │   │   ├── 003-2.jpg
│   │   │   ├── 004-2.jpg
│   │   │   ├── 005-2.jpg
│   │   │   ├── 006-2.jpg
│   │   │   ├── 007-2.jpg
│   │   │   ├── 008-2.jpg
│   │   │   ├── 010-2.jpg
│   │   │   ├── 011-2.jpg
│   │   │   ├── 012-2.jpg
│   │   │   ├── 013-2.jpg
│   │   │   ├── 014-2.jpg
│   │   │   ├── 015-2.jpg
│   │   │   ├── 016-2.jpg
│   │   │   ├── 017-2.jpg
│   │   │   ├── 018-2.jpg
│   │   │   ├── 019-2.jpg
│   │   │   ├── 020-2.jpg
│   │   │   ├── 021-2.jpg
│   │   │   ├── 022-2.jpg
│   │   │   ├── 023-2.jpg
│   │   │   ├── 024-2.jpg
│   │   │   ├── 025-2.jpg
│   │   │   ├── 026-2.jpg
│   │   │   ├── 027-2.jpg
│   │   │   ├── 028-2.jpg
│   │   │   ├── 029-2.jpg
│   │   │   ├── 030-2.jpg
│   │   │   ├── 031-2.jpg
│   │   │   ├── 032-2.jpg
│   │   │   ├── 033-2.jpg
│   │   │   ├── 034-2.jpg
│   │   │   ├── 035-2.jpg
│   │   │   ├── 036-2.jpg
│   │   │   ├── 037-2.jpg
│   │   │   ├── 038-2.jpg
│   │   │   ├── 039-2.jpg
│   │   │   ├── 040-2.jpg
│   │   │   ├── 041-2.jpg
│   │   │   ├── 042-2.jpg
│   │   │   ├── 043-2.jpg
│   │   │   ├── 044-2.jpg
│   │   │   ├── 045-2.jpg
│   │   │   ├── 046-2.jpg
│   │   │   ├── 047-2.jpg
│   │   │   ├── 048-2.jpg
│   │   │   └── 049-2.jpg
│   │   ├── 3
│   │   │   ├── 000-3.jpg
│   │   │   ├── 001-3.jpg
│   │   │   ├── 002-3.jpg
│   │   │   ├── 003-3.jpg
│   │   │   ├── 004-3.jpg
│   │   │   ├── 005-3.jpg
│   │   │   ├── 006-3.jpg
│   │   │   ├── 007-3.jpg
│   │   │   ├── 008-3.jpg
│   │   │   ├── 010-3.jpg
│   │   │   ├── 011-3.jpg
│   │   │   ├── 012-3.jpg
│   │   │   ├── 013-3.jpg
│   │   │   ├── 014-3.jpg
│   │   │   ├── 015-3.jpg
│   │   │   ├── 016-3.jpg
│   │   │   ├── 017-3.jpg
│   │   │   ├── 018-3.jpg
│   │   │   ├── 019-3.jpg
│   │   │   ├── 020-3.jpg
│   │   │   ├── 021-3.jpg
│   │   │   ├── 022-3.jpg
│   │   │   ├── 023-3.jpg
│   │   │   ├── 024-3.jpg
│   │   │   ├── 025-3.jpg
│   │   │   ├── 026-3.jpg
│   │   │   ├── 027-3.jpg
│   │   │   ├── 028-3.jpg
│   │   │   ├── 029-3.jpg
│   │   │   ├── 030-3.jpg
│   │   │   ├── 031-3.jpg
│   │   │   ├── 032-3.jpg
│   │   │   ├── 033-3.jpg
│   │   │   ├── 034-3.jpg
│   │   │   ├── 035-3.jpg
│   │   │   ├── 036-3.jpg
│   │   │   ├── 037-3.jpg
│   │   │   ├── 038-3.jpg
│   │   │   ├── 039-3.jpg
│   │   │   ├── 040-3.jpg
│   │   │   ├── 041-3.jpg
│   │   │   ├── 042-3.jpg
│   │   │   ├── 043-3.jpg
│   │   │   ├── 044-3.jpg
│   │   │   ├── 045-3.jpg
│   │   │   ├── 046-3.jpg
│   │   │   ├── 047-3.jpg
│   │   │   ├── 048-3.jpg
│   │   │   └── 049-3.jpg
│   │   ├── 4
│   │   │   ├── 000-4.jpg
│   │   │   ├── 001-4.jpg
│   │   │   ├── 002-4.jpg
│   │   │   ├── 003-4.jpg
│   │   │   ├── 004-4.jpg
│   │   │   ├── 005-4.jpg
│   │   │   ├── 006-4.jpg
│   │   │   ├── 007-4.jpg
│   │   │   ├── 008-4.jpg
│   │   │   ├── 010-4.jpg
│   │   │   ├── 011-4.jpg
│   │   │   ├── 012-4.jpg
│   │   │   ├── 013-4.jpg
│   │   │   ├── 014-4.jpg
│   │   │   ├── 015-4.jpg
│   │   │   ├── 016-4.jpg
│   │   │   ├── 017-4.jpg
│   │   │   ├── 018-4.jpg
│   │   │   ├── 019-4.jpg
│   │   │   ├── 020-4.jpg
│   │   │   ├── 021-4.jpg
│   │   │   ├── 022-4.jpg
│   │   │   ├── 023-4.jpg
│   │   │   ├── 024-4.jpg
│   │   │   ├── 025-4.jpg
│   │   │   ├── 026-4.jpg
│   │   │   ├── 027-4.jpg
│   │   │   ├── 028-4.jpg
│   │   │   ├── 029-4.jpg
│   │   │   ├── 030-4.jpg
│   │   │   ├── 031-4.jpg
│   │   │   ├── 032-4.jpg
│   │   │   ├── 033-4.jpg
│   │   │   ├── 034-4.jpg
│   │   │   ├── 035-4.jpg
│   │   │   ├── 036-4.jpg
│   │   │   ├── 037-4.jpg
│   │   │   ├── 038-4.jpg
│   │   │   ├── 039-4.jpg
│   │   │   ├── 040-4.jpg
│   │   │   ├── 041-4.jpg
│   │   │   ├── 042-4.jpg
│   │   │   ├── 043-4.jpg
│   │   │   ├── 044-4.jpg
│   │   │   ├── 045-4.jpg
│   │   │   ├── 046-4.jpg
│   │   │   ├── 047-4.jpg
│   │   │   ├── 048-4.jpg
│   │   │   └── 049-4.jpg
│   │   ├── 5
│   │   │   ├── 000-5.jpg
│   │   │   ├── 001-5.jpg
│   │   │   ├── 002-5.jpg
│   │   │   ├── 003-5.jpg
│   │   │   ├── 004-5.jpg
│   │   │   ├── 005-5.jpg
│   │   │   ├── 006-5.jpg
│   │   │   ├── 007-5.jpg
│   │   │   ├── 008-5.jpg
│   │   │   ├── 010-5.jpg
│   │   │   ├── 011-5.jpg
│   │   │   ├── 012-5.jpg
│   │   │   ├── 013-5.jpg
│   │   │   ├── 014-5.jpg
│   │   │   ├── 015-5.jpg
│   │   │   ├── 016-5.jpg
│   │   │   ├── 017-5.jpg
│   │   │   ├── 018-5.jpg
│   │   │   ├── 019-5.jpg
│   │   │   ├── 020-5.jpg
│   │   │   ├── 021-5.jpg
│   │   │   ├── 022-5.jpg
│   │   │   ├── 023-5.jpg
│   │   │   ├── 024-5.jpg
│   │   │   ├── 025-5.jpg
│   │   │   ├── 026-5.jpg
│   │   │   ├── 027-5.jpg
│   │   │   ├── 028-5.jpg
│   │   │   ├── 029-5.jpg
│   │   │   ├── 030-5.jpg
│   │   │   ├── 031-5.jpg
│   │   │   ├── 032-5.jpg
│   │   │   ├── 033-5.jpg
│   │   │   ├── 034-5.jpg
│   │   │   ├── 035-5.jpg
│   │   │   ├── 036-5.jpg
│   │   │   ├── 037-5.jpg
│   │   │   ├── 038-5.jpg
│   │   │   ├── 039-5.jpg
│   │   │   ├── 040-5.jpg
│   │   │   ├── 041-5.jpg
│   │   │   ├── 042-5.jpg
│   │   │   ├── 043-5.jpg
│   │   │   ├── 044-5.jpg
│   │   │   ├── 045-5.jpg
│   │   │   ├── 046-5.jpg
│   │   │   ├── 047-5.jpg
│   │   │   ├── 048-5.jpg
│   │   │   └── 049-5.jpg
│   │   ├── 6
│   │   │   ├── 000-6.jpg
│   │   │   ├── 001-6.jpg
│   │   │   ├── 002-6.jpg
│   │   │   ├── 003-6.jpg
│   │   │   ├── 004-6.jpg
│   │   │   ├── 005-6.jpg
│   │   │   ├── 006-6.jpg
│   │   │   ├── 007-6.jpg
│   │   │   ├── 008-6.jpg
│   │   │   ├── 010-6.jpg
│   │   │   ├── 011-6.jpg
│   │   │   ├── 012-6.jpg
│   │   │   ├── 013-6.jpg
│   │   │   ├── 014-6.jpg
│   │   │   ├── 015-6.jpg
│   │   │   ├── 016-6.jpg
│   │   │   ├── 017-6.jpg
│   │   │   ├── 018-6.jpg
│   │   │   ├── 019-6.jpg
│   │   │   ├── 020-6.jpg
│   │   │   ├── 021-6.jpg
│   │   │   ├── 022-6.jpg
│   │   │   ├── 023-6.jpg
│   │   │   ├── 024-6.jpg
│   │   │   ├── 025-6.jpg
│   │   │   ├── 026-6.jpg
│   │   │   ├── 027-6.jpg
│   │   │   ├── 028-6.jpg
│   │   │   ├── 029-6.jpg
│   │   │   ├── 030-6.jpg
│   │   │   ├── 031-6.jpg
│   │   │   ├── 032-6.jpg
│   │   │   ├── 033-6.jpg
│   │   │   ├── 034-6.jpg
│   │   │   ├── 035-6.jpg
│   │   │   ├── 036-6.jpg
│   │   │   ├── 037-6.jpg
│   │   │   ├── 038-6.jpg
│   │   │   ├── 039-6.jpg
│   │   │   ├── 040-6.jpg
│   │   │   ├── 041-6.jpg
│   │   │   ├── 042-6.jpg
│   │   │   ├── 043-6.jpg
│   │   │   ├── 044-6.jpg
│   │   │   ├── 045-6.jpg
│   │   │   ├── 046-6.jpg
│   │   │   ├── 047-6.jpg
│   │   │   ├── 048-6.jpg
│   │   │   └── 049-6.jpg
│   │   ├── 7
│   │   │   ├── 000-7.jpg
│   │   │   ├── 001-7.jpg
│   │   │   ├── 002-7.jpg
│   │   │   ├── 003-7.jpg
│   │   │   ├── 004-7.jpg
│   │   │   ├── 005-7.jpg
│   │   │   ├── 006-7.jpg
│   │   │   ├── 007-7.jpg
│   │   │   ├── 008-7.jpg
│   │   │   ├── 010-7.jpg
│   │   │   ├── 011-7.jpg
│   │   │   ├── 012-7.jpg
│   │   │   ├── 013-7.jpg
│   │   │   ├── 014-7.jpg
│   │   │   ├── 015-7.jpg
│   │   │   ├── 016-7.jpg
│   │   │   ├── 017-7.jpg
│   │   │   ├── 018-7.jpg
│   │   │   ├── 019-7.jpg
│   │   │   ├── 020-7.jpg
│   │   │   ├── 021-7.jpg
│   │   │   ├── 022-7.jpg
│   │   │   ├── 023-7.jpg
│   │   │   ├── 024-7.jpg
│   │   │   ├── 025-7.jpg
│   │   │   ├── 026-7.jpg
│   │   │   ├── 027-7.jpg
│   │   │   ├── 028-7.jpg
│   │   │   ├── 029-7.jpg
│   │   │   ├── 030-7.jpg
│   │   │   ├── 031-7.jpg
│   │   │   ├── 032-7.jpg
│   │   │   ├── 033-7.jpg
│   │   │   ├── 034-7.jpg
│   │   │   ├── 035-7.jpg
│   │   │   ├── 036-7.jpg
│   │   │   ├── 037-7.jpg
│   │   │   ├── 038-7.jpg
│   │   │   ├── 039-7.jpg
│   │   │   ├── 040-7.jpg
│   │   │   ├── 041-7.jpg
│   │   │   ├── 042-7.jpg
│   │   │   ├── 043-7.jpg
│   │   │   ├── 044-7.jpg
│   │   │   ├── 045-7.jpg
│   │   │   ├── 046-7.jpg
│   │   │   ├── 047-7.jpg
│   │   │   ├── 048-7.jpg
│   │   │   └── 049-7.jpg
│   │   ├── 8
│   │   │   ├── 000-8.jpg
│   │   │   ├── 001-8.jpg
│   │   │   ├── 002-8.jpg
│   │   │   ├── 003-8.jpg
│   │   │   ├── 004-8.jpg
│   │   │   ├── 005-8.jpg
│   │   │   ├── 006-8.jpg
│   │   │   ├── 007-8.jpg
│   │   │   ├── 008-8.jpg
│   │   │   ├── 010-8.jpg
│   │   │   ├── 011-8.jpg
│   │   │   ├── 012-8.jpg
│   │   │   ├── 013-8.jpg
│   │   │   ├── 014-8.jpg
│   │   │   ├── 015-8.jpg
│   │   │   ├── 016-8.jpg
│   │   │   ├── 017-8.jpg
│   │   │   ├── 018-8.jpg
│   │   │   ├── 019-8.jpg
│   │   │   ├── 020-8.jpg
│   │   │   ├── 021-8.jpg
│   │   │   ├── 022-8.jpg
│   │   │   ├── 023-8.jpg
│   │   │   ├── 024-8.jpg
│   │   │   ├── 025-8.jpg
│   │   │   ├── 026-8.jpg
│   │   │   ├── 027-8.jpg
│   │   │   ├── 028-8.jpg
│   │   │   ├── 029-8.jpg
│   │   │   ├── 030-8.jpg
│   │   │   ├── 031-8.jpg
│   │   │   ├── 032-8.jpg
│   │   │   ├── 033-8.jpg
│   │   │   ├── 034-8.jpg
│   │   │   ├── 035-8.jpg
│   │   │   ├── 036-8.jpg
│   │   │   ├── 037-8.jpg
│   │   │   ├── 038-8.jpg
│   │   │   ├── 039-8.jpg
│   │   │   ├── 040-8.jpg
│   │   │   ├── 041-8.jpg
│   │   │   ├── 042-8.jpg
│   │   │   ├── 043-8.jpg
│   │   │   ├── 044-8.jpg
│   │   │   ├── 045-8.jpg
│   │   │   ├── 046-8.jpg
│   │   │   ├── 047-8.jpg
│   │   │   ├── 048-8.jpg
│   │   │   └── 049-8.jpg
│   │   ├── 9
│   │   │   ├── 000-9.jpg
│   │   │   ├── 001-9.jpg
│   │   │   ├── 002-9.jpg
│   │   │   ├── 003-9.jpg
│   │   │   ├── 004-9.jpg
│   │   │   ├── 005-9.jpg
│   │   │   ├── 006-9.jpg
│   │   │   ├── 007-9.jpg
│   │   │   ├── 008-9.jpg
│   │   │   ├── 010-9.jpg
│   │   │   ├── 011-9.jpg
│   │   │   ├── 012-9.jpg
│   │   │   ├── 013-9.jpg
│   │   │   ├── 014-9.jpg
│   │   │   ├── 015-9.jpg
│   │   │   ├── 016-9.jpg
│   │   │   ├── 017-9.jpg
│   │   │   ├── 018-9.jpg
│   │   │   ├── 019-9.jpg
│   │   │   ├── 020-9.jpg
│   │   │   ├── 021-9.jpg
│   │   │   ├── 022-9.jpg
│   │   │   ├── 023-9.jpg
│   │   │   ├── 024-9.jpg
│   │   │   ├── 025-9.jpg
│   │   │   ├── 026-9.jpg
│   │   │   ├── 027-9.jpg
│   │   │   ├── 028-9.jpg
│   │   │   ├── 029-9.jpg
│   │   │   ├── 030-9.jpg
│   │   │   ├── 031-9.jpg
│   │   │   ├── 032-9.jpg
│   │   │   ├── 033-9.jpg
│   │   │   ├── 034-9.jpg
│   │   │   ├── 035-9.jpg
│   │   │   ├── 036-9.jpg
│   │   │   ├── 037-9.jpg
│   │   │   ├── 038-9.jpg
│   │   │   ├── 039-9.jpg
│   │   │   ├── 040-9.jpg
│   │   │   ├── 041-9.jpg
│   │   │   ├── 042-9.jpg
│   │   │   ├── 043-9.jpg
│   │   │   ├── 044-9.jpg
│   │   │   ├── 045-9.jpg
│   │   │   ├── 046-9.jpg
│   │   │   ├── 047-9.jpg
│   │   │   ├── 048-9.jpg
│   │   │   └── 049-9.jpg
│   │   └── rename.sh
│   ├── images
│   │   ├── 000-000.jpg
│   │   ├── 001-000.jpg
│   │   ├── 002-000.jpg
│   │   ├── 003-000.jpg
│   │   ├── 004-000.jpg
│   │   ├── 005-000.jpg
│   │   ├── 006-000.jpg
│   │   ├── 007-000.jpg
│   │   ├── 008-000.jpg
│   │   ├── 009-000.jpg
│   │   ├── 010-000.jpg
│   │   ├── 011-000.jpg
│   │   ├── 012-000.jpg
│   │   ├── 013-000.jpg
│   │   ├── 014-000.jpg
│   │   ├── 015-000.jpg
│   │   ├── 016-000.jpg
│   │   ├── 017-000.jpg
│   │   ├── 018-000.jpg
│   │   ├── 019-000.jpg
│   │   ├── 020-000.jpg
│   │   ├── 021-000.jpg
│   │   ├── 022-000.jpg
│   │   ├── 023-000.jpg
│   │   ├── 024-000.jpg
│   │   ├── 025-000.jpg
│   │   ├── 026-000.jpg
│   │   ├── 027-000.jpg
│   │   ├── 028-000.jpg
│   │   ├── 029-000.jpg
│   │   ├── 030-000.jpg
│   │   ├── 031-000.jpg
│   │   ├── 032-000.jpg
│   │   ├── 033-000.jpg
│   │   ├── 034-000.jpg
│   │   ├── 035-000.jpg
│   │   ├── 036-000.jpg
│   │   ├── 037-000.jpg
│   │   ├── 038-000.jpg
│   │   ├── 039-000.jpg
│   │   ├── 040-000.jpg
│   │   ├── 041-000.jpg
│   │   ├── 042-000.jpg
│   │   ├── 043-000.jpg
│   │   ├── 044-000.jpg
│   │   ├── 045-000.jpg
│   │   ├── 046-000.jpg
│   │   ├── 047-000.jpg
│   │   ├── 048-000.jpg
│   │   └── 049-000.jpg
│   ├── LabelMake.py
│   ├── Labels
│   │   ├── 000-000.txt
│   │   ├── 001-000.txt
│   │   ├── 002-000.txt
│   │   ├── 003-000.txt
│   │   ├── 004-000.txt
│   │   ├── 005-000.txt
│   │   ├── 006-000.txt
│   │   ├── 007-000.txt
│   │   ├── 008-000.txt
│   │   ├── 009-000.txt
│   │   ├── 010-000.txt
│   │   ├── 011-000.txt
│   │   ├── 012-000.txt
│   │   ├── 013-000.txt
│   │   ├── 014-000.txt
│   │   ├── 015-000.txt
│   │   ├── 016-000.txt
│   │   ├── 017-000.txt
│   │   ├── 018-000.txt
│   │   ├── 019-000.txt
│   │   ├── 020-000.txt
│   │   ├── 021-000.txt
│   │   ├── 022-000.txt
│   │   ├── 023-000.txt
│   │   ├── 024-000.txt
│   │   ├── 025-000.txt
│   │   ├── 026-000.txt
│   │   ├── 027-000.txt
│   │   ├── 028-000.txt
│   │   ├── 029-000.txt
│   │   ├── 030-000.txt
│   │   ├── 031-000.txt
│   │   ├── 032-000.txt
│   │   ├── 033-000.txt
│   │   ├── 034-000.txt
│   │   ├── 035-000.txt
│   │   ├── 036-000.txt
│   │   ├── 037-000.txt
│   │   ├── 038-000.txt
│   │   ├── 039-000.txt
│   │   ├── 040-000.txt
│   │   ├── 041-000.txt
│   │   ├── 042-000.txt
│   │   ├── 043-000.txt
│   │   ├── 044-000.txt
│   │   ├── 045-000.txt
│   │   ├── 046-000.txt
│   │   ├── 047-000.txt
│   │   ├── 048-000.txt
│   │   └── 049-000.txt
│   ├── Model
│   │   ├── disc-model.pth
│   │   └── vertebra-model.pth
│   └── test-data.csv
├── dataset.py
├── final-test.py
├── MakeEvalOutput
│   ├── 0-000.txt
│   ├── 10-000.txt
│   ├── 1-000.txt
│   ├── 11-000.txt
│   ├── 12-000.txt
│   ├── 13-000.txt
│   ├── 14-000.txt
│   ├── 15-000.txt
│   ├── 16-000.txt
│   ├── 17-000.txt
│   ├── 18-000.txt
│   ├── 19-000.txt
│   ├── 20-000.txt
│   ├── 2-000.txt
│   ├── 21-000.txt
│   ├── 22-000.txt
│   ├── 23-000.txt
│   ├── 24-000.txt
│   ├── 25-000.txt
│   ├── 26-000.txt
│   ├── 27-000.txt
│   ├── 28-000.txt
│   ├── 29-000.txt
│   ├── 30-000.txt
│   ├── 3-000.txt
│   ├── 31-000.txt
│   ├── 32-000.txt
│   ├── 33-000.txt
│   ├── 34-000.txt
│   ├── 35-000.txt
│   ├── 36-000.txt
│   ├── 37-000.txt
│   ├── 38-000.txt
│   ├── 39-000.txt
│   ├── 40-000.txt
│   ├── 4-000.txt
│   ├── 41-000.txt
│   ├── 42-000.txt
│   ├── 43-000.txt
│   ├── 44-000.txt
│   ├── 45-000.txt
│   ├── 46-000.txt
│   ├── 47-000.txt
│   ├── 48-000.txt
│   ├── 49-000.txt
│   ├── 5-000.txt
│   ├── 6-000.txt
│   ├── 7-000.txt
│   ├── 8-000.txt
│   └── 9-000.txt
├── make_eval.py
├── MakeFinalEval
│   ├── eval.log
│   ├── eval.py
│   ├── MakeEvalOutput
│   │   ├── 0-000.txt
│   │   ├── 10-000.txt
│   │   ├── 1-000.txt
│   │   ├── 11-000.txt
│   │   ├── 12-000.txt
│   │   ├── 13-000.txt
│   │   ├── 14-000.txt
│   │   ├── 15-000.txt
│   │   ├── 16-000.txt
│   │   ├── 17-000.txt
│   │   ├── 18-000.txt
│   │   ├── 19-000.txt
│   │   ├── 20-000.txt
│   │   ├── 2-000.txt
│   │   ├── 21-000.txt
│   │   ├── 22-000.txt
│   │   ├── 23-000.txt
│   │   ├── 24-000.txt
│   │   ├── 25-000.txt
│   │   ├── 26-000.txt
│   │   ├── 27-000.txt
│   │   ├── 28-000.txt
│   │   ├── 29-000.txt
│   │   ├── 30-000.txt
│   │   ├── 3-000.txt
│   │   ├── 31-000.txt
│   │   ├── 32-000.txt
│   │   ├── 33-000.txt
│   │   ├── 34-000.txt
│   │   ├── 35-000.txt
│   │   ├── 36-000.txt
│   │   ├── 37-000.txt
│   │   ├── 38-000.txt
│   │   ├── 39-000.txt
│   │   ├── 40-000.txt
│   │   ├── 4-000.txt
│   │   ├── 41-000.txt
│   │   ├── 42-000.txt
│   │   ├── 43-000.txt
│   │   ├── 44-000.txt
│   │   ├── 45-000.txt
│   │   ├── 46-000.txt
│   │   ├── 47-000.txt
│   │   ├── 48-000.txt
│   │   ├── 49-000.txt
│   │   ├── 5-000.txt
│   │   ├── 6-000.txt
│   │   ├── 7-000.txt
│   │   ├── 8-000.txt
│   │   └── 9-000.txt
│   └── result
│       ├── 000.txt
│       ├── 001.txt
│       ├── 002.txt
│       ├── 003.txt
│       ├── 004.txt
│       ├── 005.txt
│       ├── 006.txt
│       ├── 007.txt
│       ├── 008.txt
│       ├── 009.txt
│       ├── 010.txt
│       ├── 011.txt
│       ├── 012.txt
│       ├── 013.txt
│       ├── 014.txt
│       ├── 015.txt
│       ├── 016.txt
│       ├── 017.txt
│       ├── 018.txt
│       ├── 019.txt
│       ├── 020.txt
│       ├── 021.txt
│       ├── 022.txt
│       ├── 023.txt
│       ├── 024.txt
│       ├── 025.txt
│       ├── 026.txt
│       ├── 027.txt
│       ├── 028.txt
│       ├── 029.txt
│       ├── 030.txt
│       ├── 031.txt
│       ├── 032.txt
│       ├── 033.txt
│       ├── 034.txt
│       ├── 035.txt
│       ├── 036.txt
│       ├── 037.txt
│       ├── 038.txt
│       ├── 039.txt
│       ├── 040.txt
│       ├── 041.txt
│       ├── 042.txt
│       ├── 043.txt
│       ├── 044.txt
│       ├── 045.txt
│       ├── 046.txt
│       ├── 047.txt
│       ├── 048.txt
│       └── 049.txt
├── model.py
├── models
│   ├── disc
│   │   ├── model_0.pth
│   │   ├── model_10.pth
│   │   ├── model_12.pth
│   │   ├── model_14.pth
│   │   ├── model_16.pth
│   │   ├── model_18.pth
│   │   ├── model_20.pth
│   │   ├── model_22.pth
│   │   ├── model_24.pth
│   │   ├── model_26.pth
│   │   ├── model_28.pth
│   │   ├── model_2.pth
│   │   ├── model_30.pth
│   │   ├── model_32.pth
│   │   ├── model_34.pth
│   │   ├── model_36.pth
│   │   ├── model_38.pth
│   │   ├── model_40.pth
│   │   ├── model_42.pth
│   │   ├── model_44.pth
│   │   ├── model_46.pth
│   │   ├── model_48.pth
│   │   ├── model_4.pth
│   │   ├── model_50.pth
│   │   ├── model_52.pth
│   │   ├── model_54.pth
│   │   ├── model_56.pth
│   │   ├── model_58.pth
│   │   ├── model_60.pth
│   │   ├── model_62.pth
│   │   ├── model_64.pth
│   │   ├── model_66.pth
│   │   ├── model_68.pth
│   │   ├── model_6.pth
│   │   ├── model_70.pth
│   │   ├── model_72.pth
│   │   ├── model_74.pth
│   │   ├── model_76.pth
│   │   ├── model_78.pth
│   │   ├── model_80.pth
│   │   ├── model_82.pth
│   │   ├── model_84.pth
│   │   ├── model_86.pth
│   │   ├── model_88.pth
│   │   ├── model_8.pth
│   │   ├── model_90.pth
│   │   ├── model_92.pth
│   │   ├── model_94.pth
│   │   ├── model_96.pth
│   │   └── model_98.pth
│   └── vertebra
│       ├── model_0.pth
│       ├── model_10.pth
│       ├── model_12.pth
│       ├── model_14.pth
│       ├── model_16.pth
│       ├── model_18.pth
│       ├── model_20.pth
│       ├── model_22.pth
│       ├── model_24.pth
│       ├── model_26.pth
│       ├── model_28.pth
│       ├── model_2.pth
│       ├── model_30.pth
│       ├── model_32.pth
│       ├── model_34.pth
│       ├── model_36.pth
│       ├── model_38.pth
│       ├── model_40.pth
│       ├── model_42.pth
│       ├── model_44.pth
│       ├── model_46.pth
│       ├── model_48.pth
│       ├── model_4.pth
│       ├── model_50.pth
│       ├── model_52.pth
│       ├── model_54.pth
│       ├── model_56.pth
│       ├── model_58.pth
│       ├── model_60.pth
│       ├── model_62.pth
│       ├── model_64.pth
│       ├── model_66.pth
│       ├── model_68.pth
│       ├── model_6.pth
│       ├── model_70.pth
│       ├── model_72.pth
│       ├── model_74.pth
│       ├── model_76.pth
│       ├── model_78.pth
│       ├── model_80.pth
│       ├── model_82.pth
│       ├── model_84.pth
│       ├── model_86.pth
│       ├── model_88.pth
│       ├── model_8.pth
│       ├── model_90.pth
│       ├── model_92.pth
│       ├── model_94.pth
│       ├── model_96.pth
│       └── model_98.pth
├── __pycache__
│   ├── dataset.cpython-38.pyc
│   ├── model.cpython-38.pyc
│   └── tools.cpython-38.pyc
├── TestingInfo
│   ├── acc_disc.log
│   ├── acc_vertebra.log
│   ├── final_test_1.log
│   ├── final_test_2.log
│   └── final_test.log
├── test.py
├── tools.py
├── TrainingInfo
│   ├── training_disc_acc.log
│   └── training_vertebra_acc.log
├── train.py
└── tree.output

38 directories, 2535 files
